{"C:\\Users\\hp\\Downloads\\SE New\\se-project-be-68-2-anumafia\\controllers\\auth.js": {"path":"C:\\Users\\hp\\Downloads\\SE New\\se-project-be-68-2-anumafia\\controllers\\auth.js","statementMap":{"0":{"start":{"line":1,"column":18},"end":{"line":1,"column":48}},"1":{"start":{"line":2,"column":15},"end":{"line":2,"column":42}},"2":{"start":{"line":3,"column":13},"end":{"line":3,"column":38}},"3":{"start":{"line":8,"column":0},"end":{"line":40,"column":2}},"4":{"start":{"line":9,"column":2},"end":{"line":39,"column":3}},"5":{"start":{"line":10,"column":49},"end":{"line":10,"column":57}},"6":{"start":{"line":13,"column":17},"end":{"line":19,"column":6}},"7":{"start":{"line":21,"column":4},"end":{"line":21,"column":62}},"8":{"start":{"line":21,"column":28},"end":{"line":21,"column":62}},"9":{"start":{"line":23,"column":4},"end":{"line":23,"column":16}},"10":{"start":{"line":25,"column":4},"end":{"line":33,"column":5}},"11":{"start":{"line":26,"column":22},"end":{"line":28,"column":19}},"12":{"start":{"line":27,"column":22},"end":{"line":27,"column":33}},"13":{"start":{"line":29,"column":6},"end":{"line":32,"column":9}},"14":{"start":{"line":35,"column":4},"end":{"line":37,"column":7}},"15":{"start":{"line":38,"column":4},"end":{"line":38,"column":27}},"16":{"start":{"line":45,"column":0},"end":{"line":82,"column":2}},"17":{"start":{"line":46,"column":2},"end":{"line":81,"column":3}},"18":{"start":{"line":47,"column":32},"end":{"line":47,"column":40}},"19":{"start":{"line":50,"column":4},"end":{"line":55,"column":5}},"20":{"start":{"line":51,"column":6},"end":{"line":54,"column":9}},"21":{"start":{"line":58,"column":17},"end":{"line":58,"column":66}},"22":{"start":{"line":59,"column":4},"end":{"line":64,"column":5}},"23":{"start":{"line":60,"column":6},"end":{"line":63,"column":9}},"24":{"start":{"line":67,"column":20},"end":{"line":67,"column":54}},"25":{"start":{"line":68,"column":4},"end":{"line":73,"column":5}},"26":{"start":{"line":69,"column":6},"end":{"line":72,"column":9}},"27":{"start":{"line":75,"column":4},"end":{"line":75,"column":38}},"28":{"start":{"line":77,"column":4},"end":{"line":80,"column":7}},"29":{"start":{"line":85,"column":26},"end":{"line":104,"column":1}},"30":{"start":{"line":87,"column":16},"end":{"line":87,"column":40}},"31":{"start":{"line":89,"column":18},"end":{"line":94,"column":3}},"32":{"start":{"line":96,"column":2},"end":{"line":98,"column":3}},"33":{"start":{"line":97,"column":4},"end":{"line":97,"column":26}},"34":{"start":{"line":100,"column":2},"end":{"line":103,"column":5}},"35":{"start":{"line":109,"column":0},"end":{"line":115,"column":2}},"36":{"start":{"line":110,"column":15},"end":{"line":110,"column":47}},"37":{"start":{"line":111,"column":2},"end":{"line":114,"column":5}},"38":{"start":{"line":120,"column":0},"end":{"line":129,"column":2}},"39":{"start":{"line":121,"column":2},"end":{"line":124,"column":5}},"40":{"start":{"line":125,"column":2},"end":{"line":128,"column":5}},"41":{"start":{"line":134,"column":0},"end":{"line":178,"column":2}},"42":{"start":{"line":135,"column":2},"end":{"line":177,"column":3}},"43":{"start":{"line":136,"column":45},"end":{"line":136,"column":53}},"44":{"start":{"line":138,"column":4},"end":{"line":143,"column":5}},"45":{"start":{"line":139,"column":6},"end":{"line":142,"column":9}},"46":{"start":{"line":145,"column":17},"end":{"line":145,"column":69}},"47":{"start":{"line":147,"column":20},"end":{"line":147,"column":61}},"48":{"start":{"line":148,"column":4},"end":{"line":153,"column":5}},"49":{"start":{"line":149,"column":6},"end":{"line":152,"column":9}},"50":{"start":{"line":155,"column":4},"end":{"line":155,"column":32}},"51":{"start":{"line":157,"column":4},"end":{"line":157,"column":22}},"52":{"start":{"line":159,"column":4},"end":{"line":159,"column":38}},"53":{"start":{"line":161,"column":4},"end":{"line":161,"column":27}},"54":{"start":{"line":163,"column":4},"end":{"line":171,"column":5}},"55":{"start":{"line":164,"column":23},"end":{"line":166,"column":19}},"56":{"start":{"line":165,"column":22},"end":{"line":165,"column":33}},"57":{"start":{"line":167,"column":6},"end":{"line":170,"column":9}},"58":{"start":{"line":173,"column":4},"end":{"line":176,"column":7}},"59":{"start":{"line":183,"column":0},"end":{"line":215,"column":2}},"60":{"start":{"line":184,"column":4},"end":{"line":214,"column":5}},"61":{"start":{"line":185,"column":30},"end":{"line":185,"column":32}},"62":{"start":{"line":186,"column":8},"end":{"line":186,"column":78}},"63":{"start":{"line":186,"column":42},"end":{"line":186,"column":78}},"64":{"start":{"line":187,"column":8},"end":{"line":187,"column":77}},"65":{"start":{"line":187,"column":42},"end":{"line":187,"column":77}},"66":{"start":{"line":188,"column":8},"end":{"line":188,"column":79}},"67":{"start":{"line":188,"column":42},"end":{"line":188,"column":79}},"68":{"start":{"line":190,"column":8},"end":{"line":195,"column":9}},"69":{"start":{"line":191,"column":12},"end":{"line":194,"column":15}},"70":{"start":{"line":197,"column":21},"end":{"line":201,"column":9}},"71":{"start":{"line":203,"column":8},"end":{"line":206,"column":11}},"72":{"start":{"line":209,"column":8},"end":{"line":212,"column":9}},"73":{"start":{"line":210,"column":28},"end":{"line":210,"column":88}},"74":{"start":{"line":210,"column":65},"end":{"line":210,"column":76}},"75":{"start":{"line":211,"column":12},"end":{"line":211,"column":74}},"76":{"start":{"line":213,"column":8},"end":{"line":213,"column":70}},"77":{"start":{"line":220,"column":0},"end":{"line":242,"column":2}},"78":{"start":{"line":221,"column":4},"end":{"line":241,"column":5}},"79":{"start":{"line":222,"column":21},"end":{"line":222,"column":53}},"80":{"start":{"line":223,"column":8},"end":{"line":228,"column":9}},"81":{"start":{"line":224,"column":12},"end":{"line":227,"column":15}},"82":{"start":{"line":230,"column":8},"end":{"line":230,"column":55}},"83":{"start":{"line":231,"column":8},"end":{"line":231,"column":58}},"84":{"start":{"line":232,"column":8},"end":{"line":232,"column":51}},"85":{"start":{"line":234,"column":8},"end":{"line":237,"column":11}},"86":{"start":{"line":240,"column":8},"end":{"line":240,"column":70}}},"fnMap":{"0":{"name":"(anonymous_0)","decl":{"start":{"line":8,"column":19},"end":{"line":8,"column":20}},"loc":{"start":{"line":8,"column":45},"end":{"line":40,"column":1}},"line":8},"1":{"name":"(anonymous_1)","decl":{"start":{"line":27,"column":13},"end":{"line":27,"column":14}},"loc":{"start":{"line":27,"column":22},"end":{"line":27,"column":33}},"line":27},"2":{"name":"(anonymous_2)","decl":{"start":{"line":45,"column":16},"end":{"line":45,"column":17}},"loc":{"start":{"line":45,"column":42},"end":{"line":82,"column":1}},"line":45},"3":{"name":"(anonymous_3)","decl":{"start":{"line":85,"column":26},"end":{"line":85,"column":27}},"loc":{"start":{"line":85,"column":53},"end":{"line":104,"column":1}},"line":85},"4":{"name":"(anonymous_4)","decl":{"start":{"line":109,"column":16},"end":{"line":109,"column":17}},"loc":{"start":{"line":109,"column":42},"end":{"line":115,"column":1}},"line":109},"5":{"name":"(anonymous_5)","decl":{"start":{"line":120,"column":17},"end":{"line":120,"column":18}},"loc":{"start":{"line":120,"column":43},"end":{"line":129,"column":1}},"line":120},"6":{"name":"(anonymous_6)","decl":{"start":{"line":134,"column":25},"end":{"line":134,"column":26}},"loc":{"start":{"line":134,"column":51},"end":{"line":178,"column":1}},"line":134},"7":{"name":"(anonymous_7)","decl":{"start":{"line":165,"column":13},"end":{"line":165,"column":14}},"loc":{"start":{"line":165,"column":22},"end":{"line":165,"column":33}},"line":165},"8":{"name":"(anonymous_8)","decl":{"start":{"line":183,"column":19},"end":{"line":183,"column":20}},"loc":{"start":{"line":183,"column":45},"end":{"line":215,"column":1}},"line":183},"9":{"name":"(anonymous_9)","decl":{"start":{"line":210,"column":58},"end":{"line":210,"column":59}},"loc":{"start":{"line":210,"column":65},"end":{"line":210,"column":76}},"line":210},"10":{"name":"(anonymous_10)","decl":{"start":{"line":220,"column":19},"end":{"line":220,"column":20}},"loc":{"start":{"line":220,"column":45},"end":{"line":242,"column":1}},"line":220}},"branchMap":{"0":{"loc":{"start":{"line":21,"column":4},"end":{"line":21,"column":62}},"type":"if","locations":[{"start":{"line":21,"column":4},"end":{"line":21,"column":62}},{"start":{},"end":{}}],"line":21},"1":{"loc":{"start":{"line":25,"column":4},"end":{"line":33,"column":5}},"type":"if","locations":[{"start":{"line":25,"column":4},"end":{"line":33,"column":5}},{"start":{},"end":{}}],"line":25},"2":{"loc":{"start":{"line":50,"column":4},"end":{"line":55,"column":5}},"type":"if","locations":[{"start":{"line":50,"column":4},"end":{"line":55,"column":5}},{"start":{},"end":{}}],"line":50},"3":{"loc":{"start":{"line":50,"column":8},"end":{"line":50,"column":27}},"type":"binary-expr","locations":[{"start":{"line":50,"column":8},"end":{"line":50,"column":14}},{"start":{"line":50,"column":18},"end":{"line":50,"column":27}}],"line":50},"4":{"loc":{"start":{"line":59,"column":4},"end":{"line":64,"column":5}},"type":"if","locations":[{"start":{"line":59,"column":4},"end":{"line":64,"column":5}},{"start":{},"end":{}}],"line":59},"5":{"loc":{"start":{"line":68,"column":4},"end":{"line":73,"column":5}},"type":"if","locations":[{"start":{"line":68,"column":4},"end":{"line":73,"column":5}},{"start":{},"end":{}}],"line":68},"6":{"loc":{"start":{"line":96,"column":2},"end":{"line":98,"column":3}},"type":"if","locations":[{"start":{"line":96,"column":2},"end":{"line":98,"column":3}},{"start":{},"end":{}}],"line":96},"7":{"loc":{"start":{"line":138,"column":4},"end":{"line":143,"column":5}},"type":"if","locations":[{"start":{"line":138,"column":4},"end":{"line":143,"column":5}},{"start":{},"end":{}}],"line":138},"8":{"loc":{"start":{"line":138,"column":8},"end":{"line":138,"column":40}},"type":"binary-expr","locations":[{"start":{"line":138,"column":8},"end":{"line":138,"column":24}},{"start":{"line":138,"column":28},"end":{"line":138,"column":40}}],"line":138},"9":{"loc":{"start":{"line":148,"column":4},"end":{"line":153,"column":5}},"type":"if","locations":[{"start":{"line":148,"column":4},"end":{"line":153,"column":5}},{"start":{},"end":{}}],"line":148},"10":{"loc":{"start":{"line":163,"column":4},"end":{"line":171,"column":5}},"type":"if","locations":[{"start":{"line":163,"column":4},"end":{"line":171,"column":5}},{"start":{},"end":{}}],"line":163},"11":{"loc":{"start":{"line":186,"column":8},"end":{"line":186,"column":78}},"type":"if","locations":[{"start":{"line":186,"column":8},"end":{"line":186,"column":78}},{"start":{},"end":{}}],"line":186},"12":{"loc":{"start":{"line":187,"column":8},"end":{"line":187,"column":77}},"type":"if","locations":[{"start":{"line":187,"column":8},"end":{"line":187,"column":77}},{"start":{},"end":{}}],"line":187},"13":{"loc":{"start":{"line":188,"column":8},"end":{"line":188,"column":79}},"type":"if","locations":[{"start":{"line":188,"column":8},"end":{"line":188,"column":79}},{"start":{},"end":{}}],"line":188},"14":{"loc":{"start":{"line":190,"column":8},"end":{"line":195,"column":9}},"type":"if","locations":[{"start":{"line":190,"column":8},"end":{"line":195,"column":9}},{"start":{},"end":{}}],"line":190},"15":{"loc":{"start":{"line":209,"column":8},"end":{"line":212,"column":9}},"type":"if","locations":[{"start":{"line":209,"column":8},"end":{"line":212,"column":9}},{"start":{},"end":{}}],"line":209},"16":{"loc":{"start":{"line":223,"column":8},"end":{"line":228,"column":9}},"type":"if","locations":[{"start":{"line":223,"column":8},"end":{"line":228,"column":9}},{"start":{},"end":{}}],"line":223}},"s":{"0":1,"1":1,"2":1,"3":1,"4":4,"5":4,"6":4,"7":2,"8":1,"9":2,"10":2,"11":1,"12":1,"13":1,"14":1,"15":1,"16":1,"17":7,"18":7,"19":7,"20":2,"21":5,"22":4,"23":1,"24":3,"25":3,"26":1,"27":2,"28":1,"29":1,"30":4,"31":4,"32":4,"33":1,"34":4,"35":1,"36":1,"37":1,"38":1,"39":1,"40":1,"41":1,"42":6,"43":6,"44":6,"45":2,"46":4,"47":4,"48":3,"49":1,"50":2,"51":2,"52":1,"53":2,"54":2,"55":1,"56":1,"57":1,"58":1,"59":1,"60":5,"61":5,"62":5,"63":3,"64":5,"65":1,"66":5,"67":2,"68":5,"69":1,"70":4,"71":2,"72":2,"73":1,"74":1,"75":1,"76":1,"77":1,"78":3,"79":3,"80":2,"81":1,"82":1,"83":1,"84":1,"85":1,"86":1},"f":{"0":4,"1":1,"2":7,"3":4,"4":1,"5":1,"6":6,"7":1,"8":5,"9":1,"10":3},"b":{"0":[1,1],"1":[1,1],"2":[2,5],"3":[7,6],"4":[1,3],"5":[1,2],"6":[1,3],"7":[2,4],"8":[6,5],"9":[1,2],"10":[1,1],"11":[3,2],"12":[1,4],"13":[2,3],"14":[1,4],"15":[1,1],"16":[1,1]},"_coverageSchema":"1a1c01bbd47fc00a2c39e90264f33305004495a9","hash":"98857388da0843974a25c427bf5e64cdc79d735d"}
,"C:\\Users\\hp\\Downloads\\SE New\\se-project-be-68-2-anumafia\\controllers\\review.js": {"path":"C:\\Users\\hp\\Downloads\\SE New\\se-project-be-68-2-anumafia\\controllers\\review.js","statementMap":{"0":{"start":{"line":1,"column":15},"end":{"line":1,"column":42}},"1":{"start":{"line":2,"column":16},"end":{"line":2,"column":44}},"2":{"start":{"line":3,"column":18},"end":{"line":3,"column":48}},"3":{"start":{"line":8,"column":0},"end":{"line":66,"column":2}},"4":{"start":{"line":9,"column":4},"end":{"line":65,"column":5}},"5":{"start":{"line":10,"column":24},"end":{"line":10,"column":64}},"6":{"start":{"line":12,"column":8},"end":{"line":17,"column":9}},"7":{"start":{"line":13,"column":12},"end":{"line":16,"column":14}},"8":{"start":{"line":19,"column":31},"end":{"line":22,"column":10}},"9":{"start":{"line":24,"column":8},"end":{"line":29,"column":9}},"10":{"start":{"line":25,"column":12},"end":{"line":28,"column":15}},"11":{"start":{"line":31,"column":8},"end":{"line":36,"column":9}},"12":{"start":{"line":32,"column":12},"end":{"line":35,"column":15}},"13":{"start":{"line":38,"column":32},"end":{"line":41,"column":10}},"14":{"start":{"line":43,"column":8},"end":{"line":48,"column":9}},"15":{"start":{"line":44,"column":12},"end":{"line":47,"column":15}},"16":{"start":{"line":51,"column":8},"end":{"line":51,"column":36}},"17":{"start":{"line":53,"column":23},"end":{"line":53,"column":52}},"18":{"start":{"line":54,"column":8},"end":{"line":57,"column":11}},"19":{"start":{"line":60,"column":8},"end":{"line":60,"column":27}},"20":{"start":{"line":61,"column":8},"end":{"line":64,"column":11}},"21":{"start":{"line":71,"column":0},"end":{"line":97,"column":2}},"22":{"start":{"line":72,"column":4},"end":{"line":96,"column":5}},"23":{"start":{"line":73,"column":24},"end":{"line":77,"column":14}},"24":{"start":{"line":79,"column":8},"end":{"line":84,"column":9}},"25":{"start":{"line":80,"column":12},"end":{"line":83,"column":15}},"26":{"start":{"line":86,"column":8},"end":{"line":89,"column":11}},"27":{"start":{"line":91,"column":8},"end":{"line":91,"column":27}},"28":{"start":{"line":92,"column":8},"end":{"line":95,"column":11}},"29":{"start":{"line":102,"column":0},"end":{"line":126,"column":2}},"30":{"start":{"line":103,"column":4},"end":{"line":125,"column":5}},"31":{"start":{"line":104,"column":24},"end":{"line":112,"column":14}},"32":{"start":{"line":114,"column":8},"end":{"line":118,"column":11}},"33":{"start":{"line":120,"column":8},"end":{"line":120,"column":27}},"34":{"start":{"line":121,"column":8},"end":{"line":124,"column":11}},"35":{"start":{"line":131,"column":0},"end":{"line":164,"column":2}},"36":{"start":{"line":132,"column":4},"end":{"line":163,"column":5}},"37":{"start":{"line":133,"column":23},"end":{"line":133,"column":59}},"38":{"start":{"line":135,"column":8},"end":{"line":140,"column":9}},"39":{"start":{"line":136,"column":12},"end":{"line":139,"column":15}},"40":{"start":{"line":143,"column":8},"end":{"line":148,"column":9}},"41":{"start":{"line":144,"column":12},"end":{"line":147,"column":15}},"42":{"start":{"line":150,"column":8},"end":{"line":150,"column":33}},"43":{"start":{"line":152,"column":8},"end":{"line":155,"column":11}},"44":{"start":{"line":158,"column":8},"end":{"line":158,"column":25}},"45":{"start":{"line":159,"column":8},"end":{"line":162,"column":11}},"46":{"start":{"line":169,"column":0},"end":{"line":221,"column":1}},"47":{"start":{"line":170,"column":1},"end":{"line":220,"column":2}},"48":{"start":{"line":172,"column":15},"end":{"line":172,"column":51}},"49":{"start":{"line":174,"column":2},"end":{"line":179,"column":3}},"50":{"start":{"line":175,"column":3},"end":{"line":178,"column":6}},"51":{"start":{"line":181,"column":2},"end":{"line":186,"column":3}},"52":{"start":{"line":182,"column":3},"end":{"line":185,"column":6}},"53":{"start":{"line":188,"column":21},"end":{"line":188,"column":23}},"54":{"start":{"line":190,"column":2},"end":{"line":190,"column":53}},"55":{"start":{"line":191,"column":2},"end":{"line":191,"column":38}},"56":{"start":{"line":193,"column":2},"end":{"line":196,"column":5}},"57":{"start":{"line":198,"column":2},"end":{"line":202,"column":3}},"58":{"start":{"line":199,"column":3},"end":{"line":201,"column":6}},"59":{"start":{"line":204,"column":2},"end":{"line":207,"column":5}},"60":{"start":{"line":209,"column":2},"end":{"line":215,"column":9}},"61":{"start":{"line":210,"column":28},"end":{"line":210,"column":88}},"62":{"start":{"line":210,"column":65},"end":{"line":210,"column":76}},"63":{"start":{"line":211,"column":12},"end":{"line":214,"column":15}},"64":{"start":{"line":217,"column":8},"end":{"line":219,"column":11}}},"fnMap":{"0":{"name":"(anonymous_0)","decl":{"start":{"line":8,"column":23},"end":{"line":8,"column":24}},"loc":{"start":{"line":8,"column":49},"end":{"line":66,"column":1}},"line":8},"1":{"name":"(anonymous_1)","decl":{"start":{"line":71,"column":20},"end":{"line":71,"column":21}},"loc":{"start":{"line":71,"column":46},"end":{"line":97,"column":1}},"line":71},"2":{"name":"(anonymous_2)","decl":{"start":{"line":102,"column":24},"end":{"line":102,"column":25}},"loc":{"start":{"line":102,"column":50},"end":{"line":126,"column":1}},"line":102},"3":{"name":"(anonymous_3)","decl":{"start":{"line":131,"column":23},"end":{"line":131,"column":24}},"loc":{"start":{"line":131,"column":49},"end":{"line":164,"column":1}},"line":131},"4":{"name":"(anonymous_4)","decl":{"start":{"line":169,"column":23},"end":{"line":169,"column":24}},"loc":{"start":{"line":169,"column":49},"end":{"line":221,"column":1}},"line":169},"5":{"name":"(anonymous_5)","decl":{"start":{"line":210,"column":58},"end":{"line":210,"column":59}},"loc":{"start":{"line":210,"column":65},"end":{"line":210,"column":76}},"line":210}},"branchMap":{"0":{"loc":{"start":{"line":12,"column":8},"end":{"line":17,"column":9}},"type":"if","locations":[{"start":{"line":12,"column":8},"end":{"line":17,"column":9}},{"start":{},"end":{}}],"line":12},"1":{"loc":{"start":{"line":24,"column":8},"end":{"line":29,"column":9}},"type":"if","locations":[{"start":{"line":24,"column":8},"end":{"line":29,"column":9}},{"start":{},"end":{}}],"line":24},"2":{"loc":{"start":{"line":24,"column":12},"end":{"line":24,"column":56}},"type":"binary-expr","locations":[{"start":{"line":24,"column":12},"end":{"line":24,"column":27}},{"start":{"line":24,"column":31},"end":{"line":24,"column":56}}],"line":24},"3":{"loc":{"start":{"line":31,"column":8},"end":{"line":36,"column":9}},"type":"if","locations":[{"start":{"line":31,"column":8},"end":{"line":36,"column":9}},{"start":{},"end":{}}],"line":31},"4":{"loc":{"start":{"line":31,"column":12},"end":{"line":31,"column":80}},"type":"binary-expr","locations":[{"start":{"line":31,"column":12},"end":{"line":31,"column":51}},{"start":{"line":31,"column":55},"end":{"line":31,"column":80}}],"line":31},"5":{"loc":{"start":{"line":43,"column":8},"end":{"line":48,"column":9}},"type":"if","locations":[{"start":{"line":43,"column":8},"end":{"line":48,"column":9}},{"start":{},"end":{}}],"line":43},"6":{"loc":{"start":{"line":79,"column":8},"end":{"line":84,"column":9}},"type":"if","locations":[{"start":{"line":79,"column":8},"end":{"line":84,"column":9}},{"start":{},"end":{}}],"line":79},"7":{"loc":{"start":{"line":135,"column":8},"end":{"line":140,"column":9}},"type":"if","locations":[{"start":{"line":135,"column":8},"end":{"line":140,"column":9}},{"start":{},"end":{}}],"line":135},"8":{"loc":{"start":{"line":143,"column":8},"end":{"line":148,"column":9}},"type":"if","locations":[{"start":{"line":143,"column":8},"end":{"line":148,"column":9}},{"start":{},"end":{}}],"line":143},"9":{"loc":{"start":{"line":143,"column":12},"end":{"line":143,"column":79}},"type":"binary-expr","locations":[{"start":{"line":143,"column":12},"end":{"line":143,"column":50}},{"start":{"line":143,"column":54},"end":{"line":143,"column":79}}],"line":143},"10":{"loc":{"start":{"line":174,"column":2},"end":{"line":179,"column":3}},"type":"if","locations":[{"start":{"line":174,"column":2},"end":{"line":179,"column":3}},{"start":{},"end":{}}],"line":174},"11":{"loc":{"start":{"line":181,"column":2},"end":{"line":186,"column":3}},"type":"if","locations":[{"start":{"line":181,"column":2},"end":{"line":186,"column":3}},{"start":{},"end":{}}],"line":181},"12":{"loc":{"start":{"line":181,"column":5},"end":{"line":181,"column":72}},"type":"binary-expr","locations":[{"start":{"line":181,"column":5},"end":{"line":181,"column":43}},{"start":{"line":181,"column":47},"end":{"line":181,"column":72}}],"line":181},"13":{"loc":{"start":{"line":198,"column":2},"end":{"line":202,"column":3}},"type":"if","locations":[{"start":{"line":198,"column":2},"end":{"line":202,"column":3}},{"start":{},"end":{}}],"line":198},"14":{"loc":{"start":{"line":209,"column":2},"end":{"line":215,"column":9}},"type":"if","locations":[{"start":{"line":209,"column":2},"end":{"line":215,"column":9}},{"start":{},"end":{}}],"line":209}},"s":{"0":1,"1":1,"2":1,"3":1,"4":7,"5":7,"6":6,"7":1,"8":5,"9":5,"10":1,"11":4,"12":1,"13":3,"14":3,"15":1,"16":2,"17":2,"18":2,"19":1,"20":1,"21":1,"22":4,"23":4,"24":3,"25":1,"26":2,"27":1,"28":1,"29":1,"30":2,"31":2,"32":1,"33":1,"34":1,"35":1,"36":5,"37":5,"38":4,"39":1,"40":3,"41":1,"42":2,"43":2,"44":1,"45":1,"46":1,"47":7,"48":7,"49":7,"50":1,"51":6,"52":1,"53":5,"54":5,"55":5,"56":5,"57":3,"58":1,"59":2,"60":2,"61":1,"62":1,"63":1,"64":1},"f":{"0":7,"1":4,"2":2,"3":5,"4":7,"5":1},"b":{"0":[1,5],"1":[1,4],"2":[5,1],"3":[1,3],"4":[4,1],"5":[1,2],"6":[1,2],"7":[1,3],"8":[1,2],"9":[3,2],"10":[1,6],"11":[1,5],"12":[6,2],"13":[1,2],"14":[1,1]},"_coverageSchema":"1a1c01bbd47fc00a2c39e90264f33305004495a9","hash":"4bd9017f05f74937fcc85ae7dba016c084fea7d7"}
,"C:\\Users\\hp\\Downloads\\SE New\\se-project-be-68-2-anumafia\\controllers\\users.js": {"path":"C:\\Users\\hp\\Downloads\\SE New\\se-project-be-68-2-anumafia\\controllers\\users.js","statementMap":{"0":{"start":{"line":1,"column":13},"end":{"line":1,"column":38}},"1":{"start":{"line":6,"column":0},"end":{"line":40,"column":2}},"2":{"start":{"line":7,"column":4},"end":{"line":39,"column":5}},"3":{"start":{"line":8,"column":27},"end":{"line":8,"column":35}},"4":{"start":{"line":9,"column":21},"end":{"line":9,"column":55}},"5":{"start":{"line":11,"column":8},"end":{"line":13,"column":9}},"6":{"start":{"line":12,"column":12},"end":{"line":12,"column":83}},"7":{"start":{"line":15,"column":8},"end":{"line":17,"column":9}},"8":{"start":{"line":16,"column":12},"end":{"line":16,"column":93}},"9":{"start":{"line":19,"column":8},"end":{"line":21,"column":9}},"10":{"start":{"line":20,"column":12},"end":{"line":20,"column":91}},"11":{"start":{"line":23,"column":8},"end":{"line":28,"column":11}},"12":{"start":{"line":30,"column":8},"end":{"line":34,"column":11}},"13":{"start":{"line":37,"column":8},"end":{"line":37,"column":31}},"14":{"start":{"line":38,"column":8},"end":{"line":38,"column":70}},"15":{"start":{"line":45,"column":0},"end":{"line":79,"column":2}},"16":{"start":{"line":46,"column":2},"end":{"line":78,"column":3}},"17":{"start":{"line":47,"column":17},"end":{"line":47,"column":51}},"18":{"start":{"line":49,"column":4},"end":{"line":54,"column":5}},"19":{"start":{"line":50,"column":6},"end":{"line":53,"column":9}},"20":{"start":{"line":56,"column":4},"end":{"line":61,"column":5}},"21":{"start":{"line":57,"column":6},"end":{"line":60,"column":9}},"22":{"start":{"line":63,"column":4},"end":{"line":69,"column":7}},"23":{"start":{"line":71,"column":4},"end":{"line":74,"column":7}},"24":{"start":{"line":76,"column":4},"end":{"line":76,"column":27}},"25":{"start":{"line":77,"column":4},"end":{"line":77,"column":66}},"26":{"start":{"line":84,"column":0},"end":{"line":166,"column":2}},"27":{"start":{"line":85,"column":4},"end":{"line":165,"column":5}},"28":{"start":{"line":86,"column":27},"end":{"line":86,"column":35}},"29":{"start":{"line":88,"column":8},"end":{"line":93,"column":9}},"30":{"start":{"line":89,"column":12},"end":{"line":92,"column":15}},"31":{"start":{"line":95,"column":21},"end":{"line":95,"column":55}},"32":{"start":{"line":97,"column":8},"end":{"line":102,"column":9}},"33":{"start":{"line":98,"column":12},"end":{"line":101,"column":15}},"34":{"start":{"line":104,"column":8},"end":{"line":109,"column":9}},"35":{"start":{"line":105,"column":12},"end":{"line":108,"column":15}},"36":{"start":{"line":111,"column":8},"end":{"line":116,"column":9}},"37":{"start":{"line":112,"column":12},"end":{"line":115,"column":15}},"38":{"start":{"line":119,"column":8},"end":{"line":119,"column":50}},"39":{"start":{"line":120,"column":8},"end":{"line":120,"column":36}},"40":{"start":{"line":123,"column":8},"end":{"line":143,"column":9}},"41":{"start":{"line":124,"column":12},"end":{"line":133,"column":15}},"42":{"start":{"line":135,"column":12},"end":{"line":142,"column":15}},"43":{"start":{"line":145,"column":8},"end":{"line":150,"column":11}},"44":{"start":{"line":152,"column":8},"end":{"line":160,"column":11}},"45":{"start":{"line":163,"column":8},"end":{"line":163,"column":31}},"46":{"start":{"line":164,"column":8},"end":{"line":164,"column":70}},"47":{"start":{"line":171,"column":0},"end":{"line":241,"column":2}},"48":{"start":{"line":175,"column":21},"end":{"line":175,"column":37}},"49":{"start":{"line":178,"column":25},"end":{"line":178,"column":60}},"50":{"start":{"line":181,"column":4},"end":{"line":181,"column":58}},"51":{"start":{"line":181,"column":34},"end":{"line":181,"column":56}},"52":{"start":{"line":184,"column":19},"end":{"line":184,"column":43}},"53":{"start":{"line":187,"column":4},"end":{"line":187,"column":81}},"54":{"start":{"line":187,"column":68},"end":{"line":187,"column":79}},"55":{"start":{"line":189,"column":24},"end":{"line":189,"column":44}},"56":{"start":{"line":191,"column":4},"end":{"line":193,"column":5}},"57":{"start":{"line":192,"column":8},"end":{"line":192,"column":71}},"58":{"start":{"line":196,"column":4},"end":{"line":196,"column":35}},"59":{"start":{"line":199,"column":4},"end":{"line":202,"column":5}},"60":{"start":{"line":200,"column":23},"end":{"line":200,"column":60}},"61":{"start":{"line":201,"column":8},"end":{"line":201,"column":37}},"62":{"start":{"line":205,"column":4},"end":{"line":210,"column":5}},"63":{"start":{"line":206,"column":23},"end":{"line":206,"column":58}},"64":{"start":{"line":207,"column":8},"end":{"line":207,"column":35}},"65":{"start":{"line":209,"column":8},"end":{"line":209,"column":40}},"66":{"start":{"line":213,"column":17},"end":{"line":213,"column":50}},"67":{"start":{"line":214,"column":18},"end":{"line":214,"column":53}},"68":{"start":{"line":215,"column":23},"end":{"line":215,"column":41}},"69":{"start":{"line":217,"column":4},"end":{"line":240,"column":5}},"70":{"start":{"line":219,"column":22},"end":{"line":219,"column":60}},"71":{"start":{"line":221,"column":8},"end":{"line":221,"column":52}},"72":{"start":{"line":224,"column":22},"end":{"line":224,"column":33}},"73":{"start":{"line":226,"column":8},"end":{"line":233,"column":11}},"74":{"start":{"line":235,"column":8},"end":{"line":235,"column":27}},"75":{"start":{"line":236,"column":8},"end":{"line":239,"column":11}},"76":{"start":{"line":246,"column":0},"end":{"line":266,"column":2}},"77":{"start":{"line":247,"column":4},"end":{"line":265,"column":5}},"78":{"start":{"line":248,"column":21},"end":{"line":248,"column":55}},"79":{"start":{"line":249,"column":8},"end":{"line":254,"column":9}},"80":{"start":{"line":250,"column":12},"end":{"line":253,"column":15}},"81":{"start":{"line":255,"column":8},"end":{"line":258,"column":11}},"82":{"start":{"line":260,"column":8},"end":{"line":260,"column":27}},"83":{"start":{"line":261,"column":8},"end":{"line":264,"column":11}}},"fnMap":{"0":{"name":"(anonymous_0)","decl":{"start":{"line":6,"column":18},"end":{"line":6,"column":19}},"loc":{"start":{"line":6,"column":44},"end":{"line":40,"column":1}},"line":6},"1":{"name":"(anonymous_1)","decl":{"start":{"line":45,"column":20},"end":{"line":45,"column":21}},"loc":{"start":{"line":45,"column":46},"end":{"line":79,"column":1}},"line":45},"2":{"name":"(anonymous_2)","decl":{"start":{"line":84,"column":25},"end":{"line":84,"column":26}},"loc":{"start":{"line":84,"column":51},"end":{"line":166,"column":1}},"line":84},"3":{"name":"(anonymous_3)","decl":{"start":{"line":171,"column":19},"end":{"line":171,"column":20}},"loc":{"start":{"line":171,"column":45},"end":{"line":241,"column":1}},"line":171},"4":{"name":"(anonymous_4)","decl":{"start":{"line":181,"column":25},"end":{"line":181,"column":26}},"loc":{"start":{"line":181,"column":34},"end":{"line":181,"column":56}},"line":181},"5":{"name":"(anonymous_5)","decl":{"start":{"line":187,"column":59},"end":{"line":187,"column":60}},"loc":{"start":{"line":187,"column":68},"end":{"line":187,"column":79}},"line":187},"6":{"name":"(anonymous_6)","decl":{"start":{"line":246,"column":18},"end":{"line":246,"column":19}},"loc":{"start":{"line":246,"column":44},"end":{"line":266,"column":1}},"line":246}},"branchMap":{"0":{"loc":{"start":{"line":11,"column":8},"end":{"line":13,"column":9}},"type":"if","locations":[{"start":{"line":11,"column":8},"end":{"line":13,"column":9}},{"start":{},"end":{}}],"line":11},"1":{"loc":{"start":{"line":15,"column":8},"end":{"line":17,"column":9}},"type":"if","locations":[{"start":{"line":15,"column":8},"end":{"line":17,"column":9}},{"start":{},"end":{}}],"line":15},"2":{"loc":{"start":{"line":19,"column":8},"end":{"line":21,"column":9}},"type":"if","locations":[{"start":{"line":19,"column":8},"end":{"line":21,"column":9}},{"start":{},"end":{}}],"line":19},"3":{"loc":{"start":{"line":26,"column":24},"end":{"line":26,"column":38}},"type":"binary-expr","locations":[{"start":{"line":26,"column":24},"end":{"line":26,"column":30}},{"start":{"line":26,"column":34},"end":{"line":26,"column":38}}],"line":26},"4":{"loc":{"start":{"line":33,"column":28},"end":{"line":33,"column":42}},"type":"binary-expr","locations":[{"start":{"line":33,"column":28},"end":{"line":33,"column":34}},{"start":{"line":33,"column":38},"end":{"line":33,"column":42}}],"line":33},"5":{"loc":{"start":{"line":49,"column":4},"end":{"line":54,"column":5}},"type":"if","locations":[{"start":{"line":49,"column":4},"end":{"line":54,"column":5}},{"start":{},"end":{}}],"line":49},"6":{"loc":{"start":{"line":56,"column":4},"end":{"line":61,"column":5}},"type":"if","locations":[{"start":{"line":56,"column":4},"end":{"line":61,"column":5}},{"start":{},"end":{}}],"line":56},"7":{"loc":{"start":{"line":88,"column":8},"end":{"line":93,"column":9}},"type":"if","locations":[{"start":{"line":88,"column":8},"end":{"line":93,"column":9}},{"start":{},"end":{}}],"line":88},"8":{"loc":{"start":{"line":97,"column":8},"end":{"line":102,"column":9}},"type":"if","locations":[{"start":{"line":97,"column":8},"end":{"line":102,"column":9}},{"start":{},"end":{}}],"line":97},"9":{"loc":{"start":{"line":104,"column":8},"end":{"line":109,"column":9}},"type":"if","locations":[{"start":{"line":104,"column":8},"end":{"line":109,"column":9}},{"start":{},"end":{}}],"line":104},"10":{"loc":{"start":{"line":111,"column":8},"end":{"line":116,"column":9}},"type":"if","locations":[{"start":{"line":111,"column":8},"end":{"line":116,"column":9}},{"start":{},"end":{}}],"line":111},"11":{"loc":{"start":{"line":123,"column":8},"end":{"line":143,"column":9}},"type":"if","locations":[{"start":{"line":123,"column":8},"end":{"line":143,"column":9}},{"start":{},"end":{}}],"line":123},"12":{"loc":{"start":{"line":191,"column":4},"end":{"line":193,"column":5}},"type":"if","locations":[{"start":{"line":191,"column":4},"end":{"line":193,"column":5}},{"start":{},"end":{}}],"line":191},"13":{"loc":{"start":{"line":199,"column":4},"end":{"line":202,"column":5}},"type":"if","locations":[{"start":{"line":199,"column":4},"end":{"line":202,"column":5}},{"start":{},"end":{}}],"line":199},"14":{"loc":{"start":{"line":205,"column":4},"end":{"line":210,"column":5}},"type":"if","locations":[{"start":{"line":205,"column":4},"end":{"line":210,"column":5}},{"start":{"line":208,"column":11},"end":{"line":210,"column":5}}],"line":205},"15":{"loc":{"start":{"line":213,"column":17},"end":{"line":213,"column":50}},"type":"binary-expr","locations":[{"start":{"line":213,"column":17},"end":{"line":213,"column":45}},{"start":{"line":213,"column":49},"end":{"line":213,"column":50}}],"line":213},"16":{"loc":{"start":{"line":214,"column":18},"end":{"line":214,"column":53}},"type":"binary-expr","locations":[{"start":{"line":214,"column":18},"end":{"line":214,"column":47}},{"start":{"line":214,"column":51},"end":{"line":214,"column":53}}],"line":214},"17":{"loc":{"start":{"line":249,"column":8},"end":{"line":254,"column":9}},"type":"if","locations":[{"start":{"line":249,"column":8},"end":{"line":254,"column":9}},{"start":{},"end":{}}],"line":249}},"s":{"0":1,"1":1,"2":6,"3":6,"4":6,"5":5,"6":1,"7":4,"8":1,"9":3,"10":1,"11":2,"12":2,"13":1,"14":1,"15":1,"16":4,"17":4,"18":3,"19":1,"20":2,"21":1,"22":1,"23":1,"24":1,"25":1,"26":1,"27":7,"28":7,"29":7,"30":1,"31":6,"32":5,"33":1,"34":4,"35":1,"36":3,"37":1,"38":2,"39":2,"40":2,"41":1,"42":1,"43":1,"44":1,"45":1,"46":1,"47":1,"48":6,"49":6,"50":6,"51":24,"52":6,"53":6,"54":1,"55":6,"56":6,"57":1,"58":6,"59":6,"60":1,"61":1,"62":6,"63":1,"64":1,"65":5,"66":6,"67":6,"68":6,"69":6,"70":6,"71":5,"72":5,"73":5,"74":1,"75":1,"76":1,"77":3,"78":3,"79":2,"80":1,"81":1,"82":1,"83":1},"f":{"0":6,"1":4,"2":7,"3":6,"4":24,"5":1,"6":3},"b":{"0":[1,4],"1":[1,3],"2":[1,2],"3":[2,1],"4":[2,1],"5":[1,2],"6":[1,1],"7":[1,6],"8":[1,4],"9":[1,3],"10":[1,2],"11":[1,1],"12":[1,5],"13":[1,5],"14":[1,5],"15":[6,5],"16":[6,5],"17":[1,1]},"_coverageSchema":"1a1c01bbd47fc00a2c39e90264f33305004495a9","hash":"b6232d93efeecce1698eb86e5e4db3be7c6a928b"}
,"C:\\Users\\hp\\Downloads\\SE New\\se-project-be-68-2-anumafia\\middleware\\auth.js": {"path":"C:\\Users\\hp\\Downloads\\SE New\\se-project-be-68-2-anumafia\\middleware\\auth.js","statementMap":{"0":{"start":{"line":1,"column":12},"end":{"line":1,"column":35}},"1":{"start":{"line":2,"column":13},"end":{"line":2,"column":38}},"2":{"start":{"line":5,"column":0},"end":{"line":47,"column":2}},"3":{"start":{"line":8,"column":2},"end":{"line":13,"column":3}},"4":{"start":{"line":12,"column":4},"end":{"line":12,"column":52}},"5":{"start":{"line":16,"column":2},"end":{"line":22,"column":3}},"6":{"start":{"line":17,"column":4},"end":{"line":17,"column":24}},"7":{"start":{"line":19,"column":4},"end":{"line":21,"column":79}},"8":{"start":{"line":24,"column":2},"end":{"line":46,"column":3}},"9":{"start":{"line":26,"column":20},"end":{"line":26,"column":61}},"10":{"start":{"line":28,"column":4},"end":{"line":28,"column":25}},"11":{"start":{"line":30,"column":4},"end":{"line":30,"column":47}},"12":{"start":{"line":31,"column":4},"end":{"line":37,"column":5}},"13":{"start":{"line":32,"column":6},"end":{"line":36,"column":9}},"14":{"start":{"line":39,"column":4},"end":{"line":39,"column":11}},"15":{"start":{"line":41,"column":4},"end":{"line":41,"column":27}},"16":{"start":{"line":42,"column":4},"end":{"line":45,"column":7}},"17":{"start":{"line":50,"column":0},"end":{"line":85,"column":2}},"18":{"start":{"line":53,"column":2},"end":{"line":58,"column":3}},"19":{"start":{"line":57,"column":4},"end":{"line":57,"column":52}},"20":{"start":{"line":61,"column":2},"end":{"line":63,"column":3}},"21":{"start":{"line":62,"column":4},"end":{"line":62,"column":18}},"22":{"start":{"line":65,"column":2},"end":{"line":84,"column":3}},"23":{"start":{"line":67,"column":20},"end":{"line":67,"column":61}},"24":{"start":{"line":69,"column":4},"end":{"line":69,"column":25}},"25":{"start":{"line":71,"column":4},"end":{"line":71,"column":47}},"26":{"start":{"line":72,"column":4},"end":{"line":78,"column":5}},"27":{"start":{"line":73,"column":6},"end":{"line":77,"column":9}},"28":{"start":{"line":80,"column":4},"end":{"line":80,"column":11}},"29":{"start":{"line":83,"column":4},"end":{"line":83,"column":18}},"30":{"start":{"line":88,"column":0},"end":{"line":98,"column":2}},"31":{"start":{"line":89,"column":2},"end":{"line":97,"column":4}},"32":{"start":{"line":90,"column":4},"end":{"line":95,"column":5}},"33":{"start":{"line":91,"column":6},"end":{"line":94,"column":9}},"34":{"start":{"line":96,"column":4},"end":{"line":96,"column":11}}},"fnMap":{"0":{"name":"(anonymous_0)","decl":{"start":{"line":5,"column":18},"end":{"line":5,"column":19}},"loc":{"start":{"line":5,"column":44},"end":{"line":47,"column":1}},"line":5},"1":{"name":"(anonymous_1)","decl":{"start":{"line":50,"column":26},"end":{"line":50,"column":27}},"loc":{"start":{"line":50,"column":52},"end":{"line":85,"column":1}},"line":50},"2":{"name":"(anonymous_2)","decl":{"start":{"line":88,"column":20},"end":{"line":88,"column":21}},"loc":{"start":{"line":88,"column":34},"end":{"line":98,"column":1}},"line":88},"3":{"name":"(anonymous_3)","decl":{"start":{"line":89,"column":9},"end":{"line":89,"column":10}},"loc":{"start":{"line":89,"column":29},"end":{"line":97,"column":3}},"line":89}},"branchMap":{"0":{"loc":{"start":{"line":8,"column":2},"end":{"line":13,"column":3}},"type":"if","locations":[{"start":{"line":8,"column":2},"end":{"line":13,"column":3}},{"start":{},"end":{}}],"line":8},"1":{"loc":{"start":{"line":9,"column":4},"end":{"line":10,"column":50}},"type":"binary-expr","locations":[{"start":{"line":9,"column":4},"end":{"line":9,"column":29}},{"start":{"line":10,"column":4},"end":{"line":10,"column":50}}],"line":9},"2":{"loc":{"start":{"line":16,"column":2},"end":{"line":22,"column":3}},"type":"if","locations":[{"start":{"line":16,"column":2},"end":{"line":22,"column":3}},{"start":{},"end":{}}],"line":16},"3":{"loc":{"start":{"line":16,"column":6},"end":{"line":16,"column":31}},"type":"binary-expr","locations":[{"start":{"line":16,"column":6},"end":{"line":16,"column":12}},{"start":{"line":16,"column":16},"end":{"line":16,"column":31}}],"line":16},"4":{"loc":{"start":{"line":31,"column":4},"end":{"line":37,"column":5}},"type":"if","locations":[{"start":{"line":31,"column":4},"end":{"line":37,"column":5}},{"start":{},"end":{}}],"line":31},"5":{"loc":{"start":{"line":53,"column":2},"end":{"line":58,"column":3}},"type":"if","locations":[{"start":{"line":53,"column":2},"end":{"line":58,"column":3}},{"start":{},"end":{}}],"line":53},"6":{"loc":{"start":{"line":54,"column":4},"end":{"line":55,"column":50}},"type":"binary-expr","locations":[{"start":{"line":54,"column":4},"end":{"line":54,"column":29}},{"start":{"line":55,"column":4},"end":{"line":55,"column":50}}],"line":54},"7":{"loc":{"start":{"line":61,"column":2},"end":{"line":63,"column":3}},"type":"if","locations":[{"start":{"line":61,"column":2},"end":{"line":63,"column":3}},{"start":{},"end":{}}],"line":61},"8":{"loc":{"start":{"line":61,"column":6},"end":{"line":61,"column":46}},"type":"binary-expr","locations":[{"start":{"line":61,"column":6},"end":{"line":61,"column":12}},{"start":{"line":61,"column":16},"end":{"line":61,"column":31}},{"start":{"line":61,"column":35},"end":{"line":61,"column":46}}],"line":61},"9":{"loc":{"start":{"line":72,"column":4},"end":{"line":78,"column":5}},"type":"if","locations":[{"start":{"line":72,"column":4},"end":{"line":78,"column":5}},{"start":{},"end":{}}],"line":72},"10":{"loc":{"start":{"line":90,"column":4},"end":{"line":95,"column":5}},"type":"if","locations":[{"start":{"line":90,"column":4},"end":{"line":95,"column":5}},{"start":{},"end":{}}],"line":90}},"s":{"0":1,"1":1,"2":1,"3":11,"4":8,"5":11,"6":6,"7":6,"8":5,"9":5,"10":3,"11":3,"12":3,"13":1,"14":2,"15":2,"16":2,"17":1,"18":6,"19":5,"20":6,"21":3,"22":3,"23":3,"24":2,"25":2,"26":2,"27":1,"28":1,"29":1,"30":1,"31":7,"32":9,"33":3,"34":6},"f":{"0":11,"1":6,"2":7,"3":9},"b":{"0":[8,3],"1":[11,9],"2":[6,5],"3":[11,6],"4":[1,2],"5":[5,1],"6":[6,5],"7":[3,3],"8":[6,4,3],"9":[1,1],"10":[3,6]},"_coverageSchema":"1a1c01bbd47fc00a2c39e90264f33305004495a9","hash":"a1a24ac6d0342c2583874677a9457f1101d38b53"}
,"C:\\Users\\hp\\Downloads\\SE New\\se-project-be-68-2-anumafia\\models\\Company.js": {"path":"C:\\Users\\hp\\Downloads\\SE New\\se-project-be-68-2-anumafia\\models\\Company.js","statementMap":{"0":{"start":{"line":1,"column":17},"end":{"line":1,"column":36}},"1":{"start":{"line":3,"column":22},"end":{"line":45,"column":2}},"2":{"start":{"line":48,"column":0},"end":{"line":53,"column":3}},"3":{"start":{"line":55,"column":0},"end":{"line":55,"column":58}}},"fnMap":{},"branchMap":{},"s":{"0":2,"1":2,"2":2,"3":2},"f":{},"b":{},"_coverageSchema":"1a1c01bbd47fc00a2c39e90264f33305004495a9","hash":"f9e5e4f294f4e82eb5b1d49a96a04eb331b514d2"}
,"C:\\Users\\hp\\Downloads\\SE New\\se-project-be-68-2-anumafia\\models\\Interview.js": {"path":"C:\\Users\\hp\\Downloads\\SE New\\se-project-be-68-2-anumafia\\models\\Interview.js","statementMap":{"0":{"start":{"line":1,"column":17},"end":{"line":1,"column":36}},"1":{"start":{"line":3,"column":24},"end":{"line":35,"column":2}},"2":{"start":{"line":10,"column":34},"end":{"line":10,"column":44}},"3":{"start":{"line":11,"column":16},"end":{"line":11,"column":42}},"4":{"start":{"line":37,"column":0},"end":{"line":37,"column":62}}},"fnMap":{"0":{"name":"(anonymous_0)","decl":{"start":{"line":8,"column":23},"end":{"line":8,"column":24}},"loc":{"start":{"line":8,"column":39},"end":{"line":12,"column":13}},"line":8}},"branchMap":{},"s":{"0":3,"1":3,"2":6,"3":6,"4":3},"f":{"0":6},"b":{},"_coverageSchema":"1a1c01bbd47fc00a2c39e90264f33305004495a9","hash":"18a658d30d01e72e49522e67b9e57f2052d5bb41"}
}
