TN:
SF:controllers\auth.js
FN:8,(anonymous_0)
FN:27,(anonymous_1)
FN:45,(anonymous_2)
FN:85,(anonymous_3)
FN:109,(anonymous_4)
FN:120,(anonymous_5)
FN:134,(anonymous_6)
FN:165,(anonymous_7)
FN:183,(anonymous_8)
FN:210,(anonymous_9)
FN:220,(anonymous_10)
FNF:11
FNH:11
FNDA:4,(anonymous_0)
FNDA:1,(anonymous_1)
FNDA:7,(anonymous_2)
FNDA:4,(anonymous_3)
FNDA:1,(anonymous_4)
FNDA:1,(anonymous_5)
FNDA:6,(anonymous_6)
FNDA:1,(anonymous_7)
FNDA:5,(anonymous_8)
FNDA:1,(anonymous_9)
FNDA:3,(anonymous_10)
DA:1,1
DA:2,1
DA:3,1
DA:8,1
DA:9,4
DA:10,4
DA:13,4
DA:21,2
DA:23,2
DA:25,2
DA:26,1
DA:27,1
DA:29,1
DA:35,1
DA:38,1
DA:45,1
DA:46,7
DA:47,7
DA:50,7
DA:51,2
DA:58,5
DA:59,4
DA:60,1
DA:67,3
DA:68,3
DA:69,1
DA:75,2
DA:77,1
DA:85,1
DA:87,4
DA:89,4
DA:96,4
DA:97,1
DA:100,4
DA:109,1
DA:110,1
DA:111,1
DA:120,1
DA:121,1
DA:125,1
DA:134,1
DA:135,6
DA:136,6
DA:138,6
DA:139,2
DA:145,4
DA:147,4
DA:148,3
DA:149,1
DA:155,2
DA:157,2
DA:159,1
DA:161,2
DA:163,2
DA:164,1
DA:165,1
DA:167,1
DA:173,1
DA:183,1
DA:184,5
DA:185,5
DA:186,5
DA:187,5
DA:188,5
DA:190,5
DA:191,1
DA:197,4
DA:203,2
DA:209,2
DA:210,1
DA:211,1
DA:213,1
DA:220,1
DA:221,3
DA:222,3
DA:223,2
DA:224,1
DA:230,1
DA:231,1
DA:232,1
DA:234,1
DA:240,1
LF:82
LH:82
BRDA:21,0,0,1
BRDA:21,0,1,1
BRDA:25,1,0,1
BRDA:25,1,1,1
BRDA:50,2,0,2
BRDA:50,2,1,5
BRDA:50,3,0,7
BRDA:50,3,1,6
BRDA:59,4,0,1
BRDA:59,4,1,3
BRDA:68,5,0,1
BRDA:68,5,1,2
BRDA:96,6,0,1
BRDA:96,6,1,3
BRDA:138,7,0,2
BRDA:138,7,1,4
BRDA:138,8,0,6
BRDA:138,8,1,5
BRDA:148,9,0,1
BRDA:148,9,1,2
BRDA:163,10,0,1
BRDA:163,10,1,1
BRDA:186,11,0,3
BRDA:186,11,1,2
BRDA:187,12,0,1
BRDA:187,12,1,4
BRDA:188,13,0,2
BRDA:188,13,1,3
BRDA:190,14,0,1
BRDA:190,14,1,4
BRDA:209,15,0,1
BRDA:209,15,1,1
BRDA:223,16,0,1
BRDA:223,16,1,1
BRF:34
BRH:34
end_of_record
TN:
SF:controllers\review.js
FN:8,(anonymous_0)
FN:71,(anonymous_1)
FN:102,(anonymous_2)
FN:131,(anonymous_3)
FN:169,(anonymous_4)
FN:210,(anonymous_5)
FNF:6
FNH:6
FNDA:7,(anonymous_0)
FNDA:4,(anonymous_1)
FNDA:2,(anonymous_2)
FNDA:5,(anonymous_3)
FNDA:7,(anonymous_4)
FNDA:1,(anonymous_5)
DA:1,1
DA:2,1
DA:3,1
DA:8,1
DA:9,7
DA:10,7
DA:12,6
DA:13,1
DA:19,5
DA:24,5
DA:25,1
DA:31,4
DA:32,1
DA:38,3
DA:43,3
DA:44,1
DA:51,2
DA:53,2
DA:54,2
DA:60,1
DA:61,1
DA:71,1
DA:72,4
DA:73,4
DA:79,3
DA:80,1
DA:86,2
DA:91,1
DA:92,1
DA:102,1
DA:103,2
DA:104,2
DA:114,1
DA:120,1
DA:121,1
DA:131,1
DA:132,5
DA:133,5
DA:135,4
DA:136,1
DA:143,3
DA:144,1
DA:150,2
DA:152,2
DA:158,1
DA:159,1
DA:169,1
DA:170,7
DA:172,7
DA:174,7
DA:175,1
DA:181,6
DA:182,1
DA:188,5
DA:190,5
DA:191,5
DA:193,5
DA:198,3
DA:199,1
DA:204,2
DA:209,2
DA:210,1
DA:211,1
DA:217,1
LF:64
LH:64
BRDA:12,0,0,1
BRDA:12,0,1,5
BRDA:24,1,0,1
BRDA:24,1,1,4
BRDA:24,2,0,5
BRDA:24,2,1,1
BRDA:31,3,0,1
BRDA:31,3,1,3
BRDA:31,4,0,4
BRDA:31,4,1,1
BRDA:43,5,0,1
BRDA:43,5,1,2
BRDA:79,6,0,1
BRDA:79,6,1,2
BRDA:135,7,0,1
BRDA:135,7,1,3
BRDA:143,8,0,1
BRDA:143,8,1,2
BRDA:143,9,0,3
BRDA:143,9,1,2
BRDA:174,10,0,1
BRDA:174,10,1,6
BRDA:181,11,0,1
BRDA:181,11,1,5
BRDA:181,12,0,6
BRDA:181,12,1,2
BRDA:198,13,0,1
BRDA:198,13,1,2
BRDA:209,14,0,1
BRDA:209,14,1,1
BRF:30
BRH:30
end_of_record
TN:
SF:controllers\users.js
FN:6,(anonymous_0)
FN:45,(anonymous_1)
FN:84,(anonymous_2)
FN:171,(anonymous_3)
FN:181,(anonymous_4)
FN:187,(anonymous_5)
FN:246,(anonymous_6)
FNF:7
FNH:7
FNDA:6,(anonymous_0)
FNDA:4,(anonymous_1)
FNDA:7,(anonymous_2)
FNDA:6,(anonymous_3)
FNDA:24,(anonymous_4)
FNDA:1,(anonymous_5)
FNDA:3,(anonymous_6)
DA:1,1
DA:6,1
DA:7,6
DA:8,6
DA:9,6
DA:11,5
DA:12,1
DA:15,4
DA:16,1
DA:19,3
DA:20,1
DA:23,2
DA:30,2
DA:37,1
DA:38,1
DA:45,1
DA:46,4
DA:47,4
DA:49,3
DA:50,1
DA:56,2
DA:57,1
DA:63,1
DA:71,1
DA:76,1
DA:77,1
DA:84,1
DA:85,7
DA:86,7
DA:88,7
DA:89,1
DA:95,6
DA:97,5
DA:98,1
DA:104,4
DA:105,1
DA:111,3
DA:112,1
DA:119,2
DA:120,2
DA:123,2
DA:124,1
DA:135,1
DA:145,1
DA:152,1
DA:163,1
DA:164,1
DA:171,1
DA:175,6
DA:178,6
DA:181,24
DA:184,6
DA:187,6
DA:189,6
DA:191,6
DA:192,1
DA:196,6
DA:199,6
DA:200,1
DA:201,1
DA:205,6
DA:206,1
DA:207,1
DA:209,5
DA:213,6
DA:214,6
DA:215,6
DA:217,6
DA:219,6
DA:221,5
DA:224,5
DA:226,5
DA:235,1
DA:236,1
DA:246,1
DA:247,3
DA:248,3
DA:249,2
DA:250,1
DA:255,1
DA:260,1
DA:261,1
LF:82
LH:82
BRDA:11,0,0,1
BRDA:11,0,1,4
BRDA:15,1,0,1
BRDA:15,1,1,3
BRDA:19,2,0,1
BRDA:19,2,1,2
BRDA:26,3,0,2
BRDA:26,3,1,1
BRDA:33,4,0,2
BRDA:33,4,1,1
BRDA:49,5,0,1
BRDA:49,5,1,2
BRDA:56,6,0,1
BRDA:56,6,1,1
BRDA:88,7,0,1
BRDA:88,7,1,6
BRDA:97,8,0,1
BRDA:97,8,1,4
BRDA:104,9,0,1
BRDA:104,9,1,3
BRDA:111,10,0,1
BRDA:111,10,1,2
BRDA:123,11,0,1
BRDA:123,11,1,1
BRDA:191,12,0,1
BRDA:191,12,1,5
BRDA:199,13,0,1
BRDA:199,13,1,5
BRDA:205,14,0,1
BRDA:205,14,1,5
BRDA:213,15,0,6
BRDA:213,15,1,5
BRDA:214,16,0,6
BRDA:214,16,1,5
BRDA:249,17,0,1
BRDA:249,17,1,1
BRF:36
BRH:36
end_of_record
TN:
SF:middleware\auth.js
FN:5,(anonymous_0)
FN:50,(anonymous_1)
FN:88,(anonymous_2)
FN:89,(anonymous_3)
FNF:4
FNH:4
FNDA:11,(anonymous_0)
FNDA:6,(anonymous_1)
FNDA:7,(anonymous_2)
FNDA:9,(anonymous_3)
DA:1,1
DA:2,1
DA:5,1
DA:8,11
DA:12,8
DA:16,11
DA:17,6
DA:19,6
DA:24,5
DA:26,5
DA:28,3
DA:30,3
DA:31,3
DA:32,1
DA:39,2
DA:41,2
DA:42,2
DA:50,1
DA:53,6
DA:57,5
DA:61,6
DA:62,3
DA:65,3
DA:67,3
DA:69,2
DA:71,2
DA:72,2
DA:73,1
DA:80,1
DA:83,1
DA:88,1
DA:89,7
DA:90,9
DA:91,3
DA:96,6
LF:35
LH:35
BRDA:8,0,0,8
BRDA:8,0,1,3
BRDA:9,1,0,11
BRDA:9,1,1,9
BRDA:16,2,0,6
BRDA:16,2,1,5
BRDA:16,3,0,11
BRDA:16,3,1,6
BRDA:31,4,0,1
BRDA:31,4,1,2
BRDA:53,5,0,5
BRDA:53,5,1,1
BRDA:54,6,0,6
BRDA:54,6,1,5
BRDA:61,7,0,3
BRDA:61,7,1,3
BRDA:61,8,0,6
BRDA:61,8,1,4
BRDA:61,8,2,3
BRDA:72,9,0,1
BRDA:72,9,1,1
BRDA:90,10,0,3
BRDA:90,10,1,6
BRF:23
BRH:23
end_of_record
TN:
SF:models\Company.js
FNF:0
FNH:0
DA:1,2
DA:3,2
DA:48,2
DA:55,2
LF:4
LH:4
BRF:0
BRH:0
end_of_record
TN:
SF:models\Interview.js
FN:8,(anonymous_0)
FNF:1
FNH:1
FNDA:6,(anonymous_0)
DA:1,3
DA:3,3
DA:10,6
DA:11,6
DA:37,3
LF:5
LH:5
BRF:0
BRH:0
end_of_record
